H:\YEAR ONE\IMAT1212 - C++ PROGRAMMING\COURSEWORK\FROGGER\FROGGER\DEBUG\FROG.OBJ
H:\YEAR ONE\IMAT1212 - C++ PROGRAMMING\COURSEWORK\FROGGER\FROGGER\DEBUG\MAIN.OBJ
H:\YEAR ONE\IMAT1212 - C++ PROGRAMMING\COURSEWORK\FROGGER\FROGGER\DEBUG\BLOCK.OBJ
H:\YEAR ONE\IMAT1212 - C++ PROGRAMMING\COURSEWORK\FROGGER\FROGGER\DEBUG\VC110.PDB
H:\YEAR ONE\IMAT1212 - C++ PROGRAMMING\COURSEWORK\FROGGER\DEBUG\FROGGER.ILK
H:\YEAR ONE\IMAT1212 - C++ PROGRAMMING\COURSEWORK\FROGGER\DEBUG\FROGGER.EXE
H:\YEAR ONE\IMAT1212 - C++ PROGRAMMING\COURSEWORK\FROGGER\DEBUG\FROGGER.PDB
H:\Year One\IMAT1212 - C++ Programming\Coursework\Frogger\Frogger\Debug\Frog.obj
H:\Year One\IMAT1212 - C++ Programming\Coursework\Frogger\Frogger\Debug\Main.obj
H:\Year One\IMAT1212 - C++ Programming\Coursework\Frogger\Frogger\Debug\Block.obj
H:\Year One\IMAT1212 - C++ Programming\Coursework\Frogger\Frogger\Debug\CL.read.1.tlog
H:\Year One\IMAT1212 - C++ Programming\Coursework\Frogger\Frogger\Debug\CL.write.1.tlog
H:\Year One\IMAT1212 - C++ Programming\Coursework\Frogger\Frogger\Debug\cl.command.1.tlog
H:\Year One\IMAT1212 - C++ Programming\Coursework\Frogger\Frogger\Debug\link.read.1.tlog
H:\Year One\IMAT1212 - C++ Programming\Coursework\Frogger\Frogger\Debug\link.write.1.tlog
H:\Year One\IMAT1212 - C++ Programming\Coursework\Frogger\Frogger\Debug\link.command.1.tlog
H:\Year One\IMAT1212 - C++ Programming\Coursework\Frogger\Frogger\Debug\link-rc.read.1.tlog
H:\Year One\IMAT1212 - C++ Programming\Coursework\Frogger\Frogger\Debug\link-rc.write.1.tlog
H:\Year One\IMAT1212 - C++ Programming\Coursework\Frogger\Frogger\Debug\link-cvtres.read.1.tlog
H:\Year One\IMAT1212 - C++ Programming\Coursework\Frogger\Frogger\Debug\link-cvtres.write.1.tlog
H:\Year One\IMAT1212 - C++ Programming\Coursework\Frogger\Frogger\Debug\link.2352-cvtres.read.1.tlog
H:\Year One\IMAT1212 - C++ Programming\Coursework\Frogger\Frogger\Debug\link.2352-cvtres.write.1.tlog
H:\Year One\IMAT1212 - C++ Programming\Coursework\Frogger\Frogger\Debug\link.2352-rc.read.1.tlog
H:\Year One\IMAT1212 - C++ Programming\Coursework\Frogger\Frogger\Debug\link.2352-rc.write.1.tlog
H:\Year One\IMAT1212 - C++ Programming\Coursework\Frogger\Frogger\Debug\link.2352.read.1.tlog
H:\Year One\IMAT1212 - C++ Programming\Coursework\Frogger\Frogger\Debug\link.2352.write.1.tlog
H:\Year One\IMAT1212 - C++ Programming\Coursework\Frogger\Frogger\Debug\link.5196-cvtres.read.1.tlog
H:\Year One\IMAT1212 - C++ Programming\Coursework\Frogger\Frogger\Debug\link.5196-cvtres.write.1.tlog
H:\Year One\IMAT1212 - C++ Programming\Coursework\Frogger\Frogger\Debug\link.5196-rc.read.1.tlog
H:\Year One\IMAT1212 - C++ Programming\Coursework\Frogger\Frogger\Debug\link.5196-rc.write.1.tlog
H:\Year One\IMAT1212 - C++ Programming\Coursework\Frogger\Frogger\Debug\link.5196.read.1.tlog
H:\Year One\IMAT1212 - C++ Programming\Coursework\Frogger\Frogger\Debug\link.5196.write.1.tlog
H:\Year One\IMAT1212 - C++ Programming\Coursework\Frogger\Frogger\Debug\link.2856-cvtres.read.1.tlog
H:\Year One\IMAT1212 - C++ Programming\Coursework\Frogger\Frogger\Debug\link.2856-cvtres.write.1.tlog
H:\Year One\IMAT1212 - C++ Programming\Coursework\Frogger\Frogger\Debug\link.2856-rc.read.1.tlog
H:\Year One\IMAT1212 - C++ Programming\Coursework\Frogger\Frogger\Debug\link.2856-rc.write.1.tlog
H:\Year One\IMAT1212 - C++ Programming\Coursework\Frogger\Frogger\Debug\link.2856.read.1.tlog
H:\Year One\IMAT1212 - C++ Programming\Coursework\Frogger\Frogger\Debug\link.2856.write.1.tlog
H:\Year One\IMAT1212 - C++ Programming\Coursework\Frogger\Frogger\Debug\link.676-rc.read.1.tlog
H:\Year One\IMAT1212 - C++ Programming\Coursework\Frogger\Frogger\Debug\link.676-rc.write.1.tlog
H:\Year One\IMAT1212 - C++ Programming\Coursework\Frogger\Frogger\Debug\link.676-cvtres.read.1.tlog
H:\Year One\IMAT1212 - C++ Programming\Coursework\Frogger\Frogger\Debug\link.676-cvtres.write.1.tlog
H:\Year One\IMAT1212 - C++ Programming\Coursework\Frogger\Frogger\Debug\link.676.read.1.tlog
H:\Year One\IMAT1212 - C++ Programming\Coursework\Frogger\Frogger\Debug\link.676.write.1.tlog
H:\Year One\IMAT1212 - C++ Programming\Coursework\Frogger\Frogger\Debug\link.5296-rc.read.1.tlog
H:\Year One\IMAT1212 - C++ Programming\Coursework\Frogger\Frogger\Debug\link.5296-rc.write.1.tlog
H:\Year One\IMAT1212 - C++ Programming\Coursework\Frogger\Frogger\Debug\link.5296-cvtres.read.1.tlog
H:\Year One\IMAT1212 - C++ Programming\Coursework\Frogger\Frogger\Debug\link.5296-cvtres.write.1.tlog
H:\Year One\IMAT1212 - C++ Programming\Coursework\Frogger\Frogger\Debug\link.5296.read.1.tlog
H:\Year One\IMAT1212 - C++ Programming\Coursework\Frogger\Frogger\Debug\link.5296.write.1.tlog
H:\Year One\IMAT1212 - C++ Programming\Coursework\Frogger\Frogger\Debug\link.4976-rc.read.1.tlog
H:\Year One\IMAT1212 - C++ Programming\Coursework\Frogger\Frogger\Debug\link.4976-rc.write.1.tlog
H:\Year One\IMAT1212 - C++ Programming\Coursework\Frogger\Frogger\Debug\link.4976-cvtres.read.1.tlog
H:\Year One\IMAT1212 - C++ Programming\Coursework\Frogger\Frogger\Debug\link.4976-cvtres.write.1.tlog
H:\Year One\IMAT1212 - C++ Programming\Coursework\Frogger\Frogger\Debug\link.4976.read.1.tlog
H:\Year One\IMAT1212 - C++ Programming\Coursework\Frogger\Frogger\Debug\link.4976.write.1.tlog
H:\Year One\IMAT1212 - C++ Programming\Coursework\Frogger\Frogger\Debug\link.4280-rc.read.1.tlog
H:\Year One\IMAT1212 - C++ Programming\Coursework\Frogger\Frogger\Debug\link.4280-rc.write.1.tlog
H:\Year One\IMAT1212 - C++ Programming\Coursework\Frogger\Frogger\Debug\link.4280-cvtres.read.1.tlog
H:\Year One\IMAT1212 - C++ Programming\Coursework\Frogger\Frogger\Debug\link.4280-cvtres.write.1.tlog
H:\Year One\IMAT1212 - C++ Programming\Coursework\Frogger\Frogger\Debug\link.4280.read.1.tlog
H:\Year One\IMAT1212 - C++ Programming\Coursework\Frogger\Frogger\Debug\link.4280.write.1.tlog
H:\Year One\IMAT1212 - C++ Programming\Coursework\Frogger\Frogger\Debug\link.5080-rc.read.1.tlog
H:\Year One\IMAT1212 - C++ Programming\Coursework\Frogger\Frogger\Debug\link.5080-rc.write.1.tlog
H:\Year One\IMAT1212 - C++ Programming\Coursework\Frogger\Frogger\Debug\link.5080-cvtres.read.1.tlog
H:\Year One\IMAT1212 - C++ Programming\Coursework\Frogger\Frogger\Debug\link.5080-cvtres.write.1.tlog
H:\Year One\IMAT1212 - C++ Programming\Coursework\Frogger\Frogger\Debug\link.5080.read.1.tlog
H:\Year One\IMAT1212 - C++ Programming\Coursework\Frogger\Frogger\Debug\link.5080.write.1.tlog
H:\Year One\IMAT1212 - C++ Programming\Coursework\Frogger\Frogger\Debug\link.4276-rc.read.1.tlog
H:\Year One\IMAT1212 - C++ Programming\Coursework\Frogger\Frogger\Debug\link.4276-rc.write.1.tlog
H:\Year One\IMAT1212 - C++ Programming\Coursework\Frogger\Frogger\Debug\link.4276-cvtres.read.1.tlog
H:\Year One\IMAT1212 - C++ Programming\Coursework\Frogger\Frogger\Debug\link.4276-cvtres.write.1.tlog
H:\Year One\IMAT1212 - C++ Programming\Coursework\Frogger\Frogger\Debug\link.4276.read.1.tlog
H:\Year One\IMAT1212 - C++ Programming\Coursework\Frogger\Frogger\Debug\link.4276.write.1.tlog
H:\Year One\IMAT1212 - C++ Programming\Coursework\Frogger\Frogger\Debug\vc110.idb
H:\Year One\IMAT1212 - C++ Programming\Coursework\Frogger\Frogger\Debug\vc110.pdb
H:\Year One\IMAT1212 - C++ Programming\Coursework\Frogger\Debug\Frogger.pdb
H:\Year One\IMAT1212 - C++ Programming\Coursework\Frogger\Debug\Frogger.exe
H:\Year One\IMAT1212 - C++ Programming\Coursework\Frogger\Debug\Frogger.ilk
